build/app/intermediates/manifest_merge_blame_file/release/manifest-merger-blame-release-report.txt
1<?xml version="1.0" encoding="utf-8"?>
2<manifest xmlns:android="http://schemas.android.com/apk/res/android"
3    package="com.example.mobile_banking"
4    android:versionCode="1"
5    android:versionName="1.0.0" >
6
7    <uses-sdk
8        android:minSdkVersion="21"
8-->src\main\AndroidManifest.xml
9        android:targetSdkVersion="33" />
9-->src\main\AndroidManifest.xml
10
11    <uses-permission android:name="android.permission.INTERNET" />
11-->src\main\AndroidManifest.xml:5:5-67
11-->src\main\AndroidManifest.xml:5:22-64
12    <uses-permission android:name="android.permission.ACCESS_NETWORK_STATE" />
12-->src\main\AndroidManifest.xml:6:5-79
12-->src\main\AndroidManifest.xml:6:22-76
13    <uses-permission android:name="android.permission.ACCESS_FINE_LOCATION" />
13-->src\main\AndroidManifest.xml:7:5-79
13-->src\main\AndroidManifest.xml:7:22-76
14    <uses-permission android:name="android.permission.ACCESS_COARSE_LOCATION" />
14-->src\main\AndroidManifest.xml:8:5-81
14-->src\main\AndroidManifest.xml:8:22-78
15    <uses-permission android:name="android.permission.USE_BIOMETRIC" />
15-->src\main\AndroidManifest.xml:9:5-72
15-->src\main\AndroidManifest.xml:9:22-69
16    <uses-permission android:name="android.permission.USE_FINGERPRINT" />
16-->src\main\AndroidManifest.xml:10:5-73
16-->src\main\AndroidManifest.xml:10:22-71
17    <uses-permission android:name="android.permission.INTERNET" />
17-->src\main\AndroidManifest.xml:5:5-67
17-->src\main\AndroidManifest.xml:5:22-64
18    <uses-permission android:name="android.permission.CAMERA" />
18-->[:scan] AndroidManifest.xml:10:5-65
18-->[:scan] AndroidManifest.xml:10:22-62
19    <uses-permission android:name="android.permission.VIBRATE" />
19-->[:scan] AndroidManifest.xml:11:5-66
19-->[:scan] AndroidManifest.xml:11:22-63
20
21    <meta-data
21-->src\main\AndroidManifest.xml:65:9-67:33
22        android:name="flutterEmbedding"
22-->src\main\AndroidManifest.xml:66:13-44
23        android:value="2" />
23-->src\main\AndroidManifest.xml:67:13-30
24
25    <uses-feature
25-->[com.google.android.gms:play-services-maps:18.1.0] AndroidManifest.xml:26:5-28:35
26        android:glEsVersion="0x00020000"
26-->[com.google.android.gms:play-services-maps:18.1.0] AndroidManifest.xml:27:9-41
27        android:required="true" />
27-->[com.google.android.gms:play-services-maps:18.1.0] AndroidManifest.xml:28:9-32
28
29    <queries>
29-->[com.google.android.gms:play-services-maps:18.1.0] AndroidManifest.xml:30:5-34:15
30
31        <!-- Needs to be explicitly declared on Android R+ -->
32        <package android:name="com.google.android.apps.maps" />
32-->[com.google.android.gms:play-services-maps:18.1.0] AndroidManifest.xml:33:9-64
32-->[com.google.android.gms:play-services-maps:18.1.0] AndroidManifest.xml:33:18-61
33    </queries> <!-- Don't require camera, as this requires a rear camera. This allows it to work on the Nexus 7 -->
34    <uses-feature
34-->[com.journeyapps:zxing-android-embedded:4.3.0] AndroidManifest.xml:25:5-27:36
35        android:name="android.hardware.camera"
35-->[com.journeyapps:zxing-android-embedded:4.3.0] AndroidManifest.xml:26:9-47
36        android:required="false" />
36-->[com.journeyapps:zxing-android-embedded:4.3.0] AndroidManifest.xml:27:9-33
37    <uses-feature
37-->[com.journeyapps:zxing-android-embedded:4.3.0] AndroidManifest.xml:28:5-30:36
38        android:name="android.hardware.camera.front"
38-->[com.journeyapps:zxing-android-embedded:4.3.0] AndroidManifest.xml:29:9-53
39        android:required="false" /> <!-- TODO replace above two with next line after Android 4.2 -->
39-->[com.journeyapps:zxing-android-embedded:4.3.0] AndroidManifest.xml:30:9-33
40    <!-- <uses-feature android:name="android.hardware.camera.any"/> -->
41    <uses-feature
41-->[com.journeyapps:zxing-android-embedded:4.3.0] AndroidManifest.xml:33:5-35:36
42        android:name="android.hardware.camera.autofocus"
42-->[com.journeyapps:zxing-android-embedded:4.3.0] AndroidManifest.xml:34:9-57
43        android:required="false" />
43-->[com.journeyapps:zxing-android-embedded:4.3.0] AndroidManifest.xml:35:9-33
44    <uses-feature
44-->[com.journeyapps:zxing-android-embedded:4.3.0] AndroidManifest.xml:36:5-38:36
45        android:name="android.hardware.camera.flash"
45-->[com.journeyapps:zxing-android-embedded:4.3.0] AndroidManifest.xml:37:9-53
46        android:required="false" />
46-->[com.journeyapps:zxing-android-embedded:4.3.0] AndroidManifest.xml:38:9-33
47    <uses-feature
47-->[com.journeyapps:zxing-android-embedded:4.3.0] AndroidManifest.xml:39:5-41:36
48        android:name="android.hardware.screen.landscape"
48-->[com.journeyapps:zxing-android-embedded:4.3.0] AndroidManifest.xml:40:9-57
49        android:required="false" />
49-->[com.journeyapps:zxing-android-embedded:4.3.0] AndroidManifest.xml:41:9-33
50    <uses-feature
50-->[com.journeyapps:zxing-android-embedded:4.3.0] AndroidManifest.xml:42:5-44:36
51        android:name="android.hardware.wifi"
51-->[com.journeyapps:zxing-android-embedded:4.3.0] AndroidManifest.xml:43:9-45
52        android:required="false" />
52-->[com.journeyapps:zxing-android-embedded:4.3.0] AndroidManifest.xml:44:9-33
53
54    <application
54-->src\main\AndroidManifest.xml:13:4-68:19
55        android:appComponentFactory="androidx.core.app.CoreComponentFactory"
55-->[androidx.core:core:1.8.0] AndroidManifest.xml:24:18-86
56        android:enableOnBackInvokedCallback="true"
56-->src\main\AndroidManifest.xml:14:9-51
57        android:icon="@mipmap/ic_launcher"
57-->src\main\AndroidManifest.xml:16:9-43
58        android:label="Wallet App Flutter" >
58-->src\main\AndroidManifest.xml:15:9-43
59        <provider
60            android:name="androidx.core.content.FileProvider"
60-->src\main\AndroidManifest.xml:19:13-62
61            android:authorities="com.example.mobile_banking.com.shekarmudaliyar.social_share"
61-->src\main\AndroidManifest.xml:20:13-84
62            android:exported="false"
62-->src\main\AndroidManifest.xml:21:13-37
63            android:grantUriPermissions="true" >
63-->src\main\AndroidManifest.xml:22:13-47
64            <meta-data
64-->src\main\AndroidManifest.xml:24:13-26:53
65                android:name="android.support.FILE_PROVIDER_PATHS"
65-->src\main\AndroidManifest.xml:25:17-67
66                android:resource="@xml/filepaths" />
66-->src\main\AndroidManifest.xml:26:17-50
67        </provider>
68
69        <meta-data
69-->src\main\AndroidManifest.xml:29:9-30:73
70            android:name="com.google.android.geo.API_KEY"
70-->src\main\AndroidManifest.xml:29:20-65
71            android:value="AIzaSyAbyaaQgdYbUN4kutgyZOrVsJ4asFgaaC4" />
71-->src\main\AndroidManifest.xml:30:16-71
72
73        <activity
73-->src\main\AndroidManifest.xml:33:9-62:20
74            android:name="com.example.mobile_banking.MainActivity"
74-->src\main\AndroidManifest.xml:34:13-41
75            android:configChanges="orientation|keyboardHidden|keyboard|screenSize|smallestScreenSize|locale|layoutDirection|fontScale|screenLayout|density|uiMode"
75-->src\main\AndroidManifest.xml:38:13-163
76            android:exported="true"
76-->src\main\AndroidManifest.xml:36:13-36
77            android:hardwareAccelerated="true"
77-->src\main\AndroidManifest.xml:39:13-47
78            android:launchMode="singleTop"
78-->src\main\AndroidManifest.xml:35:13-43
79            android:theme="@style/LaunchTheme"
79-->src\main\AndroidManifest.xml:37:13-47
80            android:windowSoftInputMode="adjustResize" >
80-->src\main\AndroidManifest.xml:40:13-55
81
82            <!--
83                 Specifies an Android theme to apply to this Activity as soon as
84                 the Android process has started. This theme is visible to the user
85                 while the Flutter UI initializes. After that, this theme continues
86                 to determine the Window background behind the Flutter UI.
87            -->
88            <meta-data
88-->src\main\AndroidManifest.xml:45:13-48:17
89                android:name="io.flutter.embedding.android.NormalTheme"
89-->src\main\AndroidManifest.xml:46:15-70
90                android:resource="@style/NormalTheme" />
90-->src\main\AndroidManifest.xml:47:15-52
91            <!--
92                 Displays an Android View that continues showing the launch screen
93                 Drawable until Flutter paints its first frame, then this splash
94                 screen fades out. A splash screen is useful to avoid any visual
95                 gap between the end of Android's launch screen and the painting of
96                 Flutter's first frame.
97            -->
98            <meta-data
98-->src\main\AndroidManifest.xml:54:13-57:17
99                android:name="io.flutter.embedding.android.SplashScreenDrawable"
99-->src\main\AndroidManifest.xml:55:15-79
100                android:resource="@drawable/launch_background" />
100-->src\main\AndroidManifest.xml:56:15-61
101
102            <intent-filter>
102-->src\main\AndroidManifest.xml:58:13-61:29
103                <action android:name="android.intent.action.MAIN" />
103-->src\main\AndroidManifest.xml:59:17-68
103-->src\main\AndroidManifest.xml:59:25-66
104
105                <category android:name="android.intent.category.LAUNCHER" />
105-->src\main\AndroidManifest.xml:60:17-76
105-->src\main\AndroidManifest.xml:60:27-74
106            </intent-filter>
107        </activity>
108        <!--
109             Don't delete the meta-data below.
110             This is used by the Flutter tool to generate GeneratedPluginRegistrant.java
111        -->
112        <meta-data
112-->src\main\AndroidManifest.xml:65:9-67:33
113            android:name="flutterEmbedding"
113-->src\main\AndroidManifest.xml:66:13-44
114            android:value="2" />
114-->src\main\AndroidManifest.xml:67:13-30
115
116        <provider
116-->[:image_picker_android] AndroidManifest.xml:8:9-16:20
117            android:name="io.flutter.plugins.imagepicker.ImagePickerFileProvider"
117-->[:image_picker_android] AndroidManifest.xml:9:13-82
118            android:authorities="com.example.mobile_banking.flutter.image_provider"
118-->[:image_picker_android] AndroidManifest.xml:10:13-74
119            android:exported="false"
119-->[:image_picker_android] AndroidManifest.xml:11:13-37
120            android:grantUriPermissions="true" >
120-->[:image_picker_android] AndroidManifest.xml:12:13-47
121            <meta-data
121-->src\main\AndroidManifest.xml:24:13-26:53
122                android:name="android.support.FILE_PROVIDER_PATHS"
122-->src\main\AndroidManifest.xml:25:17-67
123                android:resource="@xml/flutter_image_picker_file_paths" />
123-->src\main\AndroidManifest.xml:26:17-50
124        </provider>
125
126        <activity
126-->[:url_launcher_android] AndroidManifest.xml:8:9-11:74
127            android:name="io.flutter.plugins.urllauncher.WebViewActivity"
127-->[:url_launcher_android] AndroidManifest.xml:9:13-74
128            android:exported="false"
128-->[:url_launcher_android] AndroidManifest.xml:10:13-37
129            android:theme="@android:style/Theme.NoTitleBar.Fullscreen" />
129-->[:url_launcher_android] AndroidManifest.xml:11:13-71
130        <activity
130-->[com.google.android.gms:play-services-auth:20.4.0] AndroidManifest.xml:23:9-27:75
131            android:name="com.google.android.gms.auth.api.signin.internal.SignInHubActivity"
131-->[com.google.android.gms:play-services-auth:20.4.0] AndroidManifest.xml:24:13-93
132            android:excludeFromRecents="true"
132-->[com.google.android.gms:play-services-auth:20.4.0] AndroidManifest.xml:25:13-46
133            android:exported="false"
133-->[com.google.android.gms:play-services-auth:20.4.0] AndroidManifest.xml:26:13-37
134            android:theme="@android:style/Theme.Translucent.NoTitleBar" />
134-->[com.google.android.gms:play-services-auth:20.4.0] AndroidManifest.xml:27:13-72
135        <!--
136            Service handling Google Sign-In user revocation. For apps that do not integrate with
137            Google Sign-In, this service will never be started.
138        -->
139        <service
139-->[com.google.android.gms:play-services-auth:20.4.0] AndroidManifest.xml:33:9-37:51
140            android:name="com.google.android.gms.auth.api.signin.RevocationBoundService"
140-->[com.google.android.gms:play-services-auth:20.4.0] AndroidManifest.xml:34:13-89
141            android:exported="true"
141-->[com.google.android.gms:play-services-auth:20.4.0] AndroidManifest.xml:35:13-36
142            android:permission="com.google.android.gms.auth.api.signin.permission.REVOCATION_NOTIFICATION"
142-->[com.google.android.gms:play-services-auth:20.4.0] AndroidManifest.xml:36:13-107
143            android:visibleToInstantApps="true" /> <!-- Needs to be explicitly declared on P+ -->
143-->[com.google.android.gms:play-services-auth:20.4.0] AndroidManifest.xml:37:13-48
144        <uses-library
144-->[com.google.android.gms:play-services-maps:18.1.0] AndroidManifest.xml:39:9-41:40
145            android:name="org.apache.http.legacy"
145-->[com.google.android.gms:play-services-maps:18.1.0] AndroidManifest.xml:40:13-50
146            android:required="false" />
146-->[com.google.android.gms:play-services-maps:18.1.0] AndroidManifest.xml:41:13-37
147
148        <activity
148-->[com.google.android.gms:play-services-base:18.0.1] AndroidManifest.xml:20:9-22:45
149            android:name="com.google.android.gms.common.api.GoogleApiActivity"
149-->[com.google.android.gms:play-services-base:18.0.1] AndroidManifest.xml:20:19-85
150            android:exported="false"
150-->[com.google.android.gms:play-services-base:18.0.1] AndroidManifest.xml:22:19-43
151            android:theme="@android:style/Theme.Translucent.NoTitleBar" />
151-->[com.google.android.gms:play-services-base:18.0.1] AndroidManifest.xml:21:19-78
152
153        <meta-data
153-->[com.google.android.gms:play-services-basement:18.1.0] AndroidManifest.xml:21:9-23:69
154            android:name="com.google.android.gms.version"
154-->[com.google.android.gms:play-services-basement:18.1.0] AndroidManifest.xml:22:13-58
155            android:value="@integer/google_play_services_version" />
155-->[com.google.android.gms:play-services-basement:18.1.0] AndroidManifest.xml:23:13-66
156
157        <uses-library
157-->[androidx.window:window:1.0.0-beta04] AndroidManifest.xml:25:9-27:40
158            android:name="androidx.window.extensions"
158-->[androidx.window:window:1.0.0-beta04] AndroidManifest.xml:26:13-54
159            android:required="false" />
159-->[androidx.window:window:1.0.0-beta04] AndroidManifest.xml:27:13-37
160        <uses-library
160-->[androidx.window:window:1.0.0-beta04] AndroidManifest.xml:28:9-30:40
161            android:name="androidx.window.sidecar"
161-->[androidx.window:window:1.0.0-beta04] AndroidManifest.xml:29:13-51
162            android:required="false" />
162-->[androidx.window:window:1.0.0-beta04] AndroidManifest.xml:30:13-37
163
164        <provider
164-->[androidx.emoji2:emoji2:1.0.0] AndroidManifest.xml:26:9-34:20
165            android:name="androidx.startup.InitializationProvider"
165-->[androidx.emoji2:emoji2:1.0.0] AndroidManifest.xml:27:13-67
166            android:authorities="com.example.mobile_banking.androidx-startup"
166-->[androidx.emoji2:emoji2:1.0.0] AndroidManifest.xml:28:13-68
167            android:exported="false" >
167-->[androidx.emoji2:emoji2:1.0.0] AndroidManifest.xml:29:13-37
168            <meta-data
168-->[androidx.emoji2:emoji2:1.0.0] AndroidManifest.xml:31:13-33:52
169                android:name="androidx.emoji2.text.EmojiCompatInitializer"
169-->[androidx.emoji2:emoji2:1.0.0] AndroidManifest.xml:32:17-75
170                android:value="androidx.startup" />
170-->[androidx.emoji2:emoji2:1.0.0] AndroidManifest.xml:33:17-49
171            <meta-data
171-->[androidx.lifecycle:lifecycle-process:2.4.0] AndroidManifest.xml:31:13-33:52
172                android:name="androidx.lifecycle.ProcessLifecycleInitializer"
172-->[androidx.lifecycle:lifecycle-process:2.4.0] AndroidManifest.xml:32:17-78
173                android:value="androidx.startup" />
173-->[androidx.lifecycle:lifecycle-process:2.4.0] AndroidManifest.xml:33:17-49
174        </provider>
175
176        <meta-data
176-->[com.huawei.hms:scanplus:2.1.0.300] AndroidManifest.xml:14:9-16:40
177            android:name="huawei_module_scankit_local"
177-->[com.huawei.hms:scanplus:2.1.0.300] AndroidManifest.xml:15:13-55
178            android:value="20100300" />
178-->[com.huawei.hms:scanplus:2.1.0.300] AndroidManifest.xml:16:13-37
179        <meta-data
179-->[com.huawei.hms:scanplus:2.1.0.300] AndroidManifest.xml:17:9-19:50
180            android:name="huawei_module_scankit_sdk_version"
180-->[com.huawei.hms:scanplus:2.1.0.300] AndroidManifest.xml:18:13-61
181            android:value="scanplus:2.1.0.300" />
181-->[com.huawei.hms:scanplus:2.1.0.300] AndroidManifest.xml:19:13-47
182        <meta-data
182-->[com.huawei.hms:scanplus:2.1.0.300] AndroidManifest.xml:20:9-22:50
183            android:name="com.huawei.hms.client.service.name:scanplus"
183-->[com.huawei.hms:scanplus:2.1.0.300] AndroidManifest.xml:21:13-71
184            android:value="scanplus:2.1.0.300" />
184-->[com.huawei.hms:scanplus:2.1.0.300] AndroidManifest.xml:22:13-47
185        <meta-data
185-->[com.huawei.hms:scanplus:2.1.0.300] AndroidManifest.xml:23:9-25:33
186            android:name="com.huawei.hms.min_api_level:scanplus:huawei_module_scankit"
186-->[com.huawei.hms:scanplus:2.1.0.300] AndroidManifest.xml:24:13-87
187            android:value="1" />
187-->[com.huawei.hms:scanplus:2.1.0.300] AndroidManifest.xml:25:13-30
188        <meta-data
188-->[com.huawei.hms:scanplus:2.1.0.300] AndroidManifest.xml:26:9-28:33
189            android:name="com.huawei.hms.min_api_level:scanplus:hmscore"
189-->[com.huawei.hms:scanplus:2.1.0.300] AndroidManifest.xml:27:13-73
190            android:value="1" />
190-->[com.huawei.hms:scanplus:2.1.0.300] AndroidManifest.xml:28:13-30
191
192        <activity android:name="com.huawei.hms.hmsscankit.ScanKitActivity" />
192-->[com.huawei.hms:scanplus:2.1.0.300] AndroidManifest.xml:30:9-78
192-->[com.huawei.hms:scanplus:2.1.0.300] AndroidManifest.xml:30:19-75
193        <activity
193-->[com.journeyapps:zxing-android-embedded:4.3.0] AndroidManifest.xml:47:9-53:63
194            android:name="com.journeyapps.barcodescanner.CaptureActivity"
194-->[com.journeyapps:zxing-android-embedded:4.3.0] AndroidManifest.xml:48:13-74
195            android:clearTaskOnLaunch="true"
195-->[com.journeyapps:zxing-android-embedded:4.3.0] AndroidManifest.xml:49:13-45
196            android:screenOrientation="sensorLandscape"
196-->[com.journeyapps:zxing-android-embedded:4.3.0] AndroidManifest.xml:50:13-56
197            android:stateNotNeeded="true"
197-->[com.journeyapps:zxing-android-embedded:4.3.0] AndroidManifest.xml:51:13-42
198            android:theme="@style/zxing_CaptureTheme"
198-->[com.journeyapps:zxing-android-embedded:4.3.0] AndroidManifest.xml:52:13-54
199            android:windowSoftInputMode="stateAlwaysHidden" />
199-->[com.journeyapps:zxing-android-embedded:4.3.0] AndroidManifest.xml:53:13-60
200
201        <meta-data
201-->[com.huawei.hms:dynamic-api:1.0.13.303] AndroidManifest.xml:12:9-14:54
202            android:name="com.huawei.hms.client.service.name:dynamic-api"
202-->[com.huawei.hms:dynamic-api:1.0.13.303] AndroidManifest.xml:13:13-74
203            android:value="dynamic-api:1.0.13.303" />
203-->[com.huawei.hms:dynamic-api:1.0.13.303] AndroidManifest.xml:14:13-51
204        <meta-data
204-->[com.huawei.hms:dynamic-api:1.0.13.303] AndroidManifest.xml:15:9-17:33
205            android:name="com.huawei.hms.min_api_level:dynamic-api:huawei_module_dynamicloader"
205-->[com.huawei.hms:dynamic-api:1.0.13.303] AndroidManifest.xml:16:13-96
206            android:value="2" />
206-->[com.huawei.hms:dynamic-api:1.0.13.303] AndroidManifest.xml:17:13-30
207
208        <provider
208-->[com.huawei.hms:ml-computer-sdkbase-inner:2.0.5.304] AndroidManifest.xml:13:9-16:40
209            android:name="com.huawei.hms.mlsdk.common.provider.MLInitializerProvider"
209-->[com.huawei.hms:ml-computer-sdkbase-inner:2.0.5.304] AndroidManifest.xml:14:13-86
210            android:authorities="com.example.mobile_banking.MLInitializerProvider"
210-->[com.huawei.hms:ml-computer-sdkbase-inner:2.0.5.304] AndroidManifest.xml:15:13-73
211            android:exported="false" />
211-->[com.huawei.hms:ml-computer-sdkbase-inner:2.0.5.304] AndroidManifest.xml:16:13-37
212        <provider
212-->[com.huawei.agconnect:agconnect-core:1.4.0.300] AndroidManifest.xml:11:9-14:40
213            android:name="com.huawei.agconnect.core.provider.AGConnectInitializeProvider"
213-->[com.huawei.agconnect:agconnect-core:1.4.0.300] AndroidManifest.xml:12:13-90
214            android:authorities="com.example.mobile_banking.AGCInitializeProvider"
214-->[com.huawei.agconnect:agconnect-core:1.4.0.300] AndroidManifest.xml:13:13-73
215            android:exported="false" />
215-->[com.huawei.agconnect:agconnect-core:1.4.0.300] AndroidManifest.xml:14:13-37
216
217        <service
217-->[com.huawei.agconnect:agconnect-core:1.4.0.300] AndroidManifest.xml:16:9-18:40
218            android:name="com.huawei.agconnect.core.ServiceDiscovery"
218-->[com.huawei.agconnect:agconnect-core:1.4.0.300] AndroidManifest.xml:17:13-70
219            android:exported="false" />
219-->[com.huawei.agconnect:agconnect-core:1.4.0.300] AndroidManifest.xml:18:13-37
220    </application>
221
222</manifest>